Flutter crash report; please file at https://github.com/flutter/flutter/issues.

## command

flutter run

## exception

String: Exit code 255 from: /Users/KG/Library/Android/sdk/platform-tools/adb -s 0106bcc49c8ca3eb shell am start -a android.intent.action.RUN -f 0x20000000 --ez enable-background-compilation true --ez enable-dart-profiling true --ez enable-checked-mode true com.example.arcorefluttertest/com.example.arcorefluttertest.MainActivity:
Starting: Intent { act=android.intent.action.RUN flg=0x20000000 cmp=com.example.arcorefluttertest/.MainActivity (has extras) }

Security exception: Permission Denial: starting Intent { act=android.intent.action.RUN flg=0x30000000 cmp=com.example.arcorefluttertest/.MainActivity (has extras) } from null (pid=31669, uid=2000) not exported from uid 10944

java.lang.SecurityException: Permission Denial: starting Intent { act=android.intent.action.RUN flg=0x30000000 cmp=com.example.arcorefluttertest/.MainActivity (has extras) } from null (pid=31669, uid=2000) not exported from uid 10944
	at com.android.server.am.ActivityStackSupervisor.checkStartAnyActivityPermission(ActivityStackSupervisor.java:1632)
	at com.android.server.am.ActivityStarter.startActivity(ActivityStarter.java:438)
	at com.android.server.am.ActivityStarter.startActivityLocked(ActivityStarter.java:278)
	at com.android.server.am.ActivityStarter.startActivityMayWait(ActivityStarter.java:817)
	at com.android.server.am.ActivityManagerService.startActivityAsUser(ActivityManagerService.java:4532)
	at com.android.server.am.ActivityManagerShellCommand.runStartActivity(ActivityManagerShellCommand.java:417)
	at com.android.server.am.ActivityManagerShellCommand.onCommand(ActivityManagerShellCommand.java:141)
	at android.os.ShellCommand.exec(ShellCommand.java:96)
	at com.android.server.am.ActivityManagerService.onShellCommand(ActivityManagerService.java:15014)
	at android.os.Binder.shellCommand(Binder.java:594)
	at android.os.Binder.onTransact(Binder.java:492)
	at android.app.IActivityManager$Stub.onTransact(IActivityManager.java:4243)
	at com.android.server.am.ActivityManagerService.onTransact(ActivityManagerService.java:2919)
	at android.os.Binder.execTransact(Binder.java:697)

```
#0      runCheckedAsync (package:flutter_tools/src/base/process.dart:249:5)
<asynchronous suspension>
#1      AndroidDevice.startApp (package:flutter_tools/src/android/android_device.dart:437:34)
<asynchronous suspension>
#2      FlutterDevice.runHot (package:flutter_tools/src/resident_runner.dart:292:54)
<asynchronous suspension>
#3      HotRunner.run (package:flutter_tools/src/run_hot.dart:259:39)
<asynchronous suspension>
#4      RunCommand.runCommand (package:flutter_tools/src/commands/run.dart:400:37)
<asynchronous suspension>
#5      FlutterCommand.verifyThenRunCommand (package:flutter_tools/src/runner/flutter_command.dart:347:18)
#6      _asyncThenWrapperHelper.<anonymous closure> (dart:async/runtime/libasync_patch.dart:77:64)
#7      _rootRunUnary (dart:async/zone.dart:1134:38)
#8      _CustomZone.runUnary (dart:async/zone.dart:1031:19)
#9      _FutureListener.handleValue (dart:async/future_impl.dart:129:18)
#10     Future._propagateToListeners.handleValueCallback (dart:async/future_impl.dart:638:45)
#11     Future._propagateToListeners (dart:async/future_impl.dart:667:32)
#12     Future._complete (dart:async/future_impl.dart:472:7)
#13     _SyncCompleter.complete (dart:async/future_impl.dart:51:12)
#14     _AsyncAwaitCompleter.complete (dart:async/runtime/libasync_patch.dart:28:18)
#15     _completeOnAsyncReturn (dart:async/runtime/libasync_patch.dart:292:13)
#16     RunCommand.usageValues (package:flutter_tools/src/commands/run.dart)
#17     _asyncThenWrapperHelper.<anonymous closure> (dart:async/runtime/libasync_patch.dart:77:64)
#18     _rootRunUnary (dart:async/zone.dart:1134:38)
#19     _CustomZone.runUnary (dart:async/zone.dart:1031:19)
#20     _FutureListener.handleValue (dart:async/future_impl.dart:129:18)
#21     Future._propagateToListeners.handleValueCallback (dart:async/future_impl.dart:638:45)
#22     Future._propagateToListeners (dart:async/future_impl.dart:667:32)
#23     Future._complete (dart:async/future_impl.dart:472:7)
#24     _SyncCompleter.complete (dart:async/future_impl.dart:51:12)
#25     _AsyncAwaitCompleter.complete.<anonymous closure> (dart:async/runtime/libasync_patch.dart:33:20)
#26     _rootRun (dart:async/zone.dart:1126:13)
#27     _CustomZone.run (dart:async/zone.dart:1023:19)
#28     _CustomZone.bindCallback.<anonymous closure> (dart:async/zone.dart:949:23)
#29     _microtaskLoop (dart:async/schedule_microtask.dart:41:21)
#30     _startMicrotaskLoop (dart:async/schedule_microtask.dart:50:5)
#31     _runPendingImmediateCallback (dart:isolate/runtime/libisolate_patch.dart:113:13)
#32     _RawReceivePortImpl._handleMessage (dart:isolate/runtime/libisolate_patch.dart:166:5)
```

## flutter doctor

```
[✓] Flutter (Channel master, v0.5.8-pre.61, on Mac OS X 10.13.6 17G65, locale en-US)
    • Flutter version 0.5.8-pre.61 at /Users/KG/Developer/Flutter/flutter
    • Framework revision b8b6d4166c (2 days ago), 2018-07-17 18:07:54 -0700
    • Engine revision 5557e3006e
    • Dart version 2.0.0-dev.67.0.flutter-84ca27a09e

[✓] Android toolchain - develop for Android devices (Android SDK 27.0.3)
    • Android SDK at /Users/KG/Library/Android/sdk
    • Android NDK location not configured (optional; useful for native profiling support)
    • Platform android-27, build-tools 27.0.3
    • ANDROID_HOME = /Users/KG/Library/Android/sdk
    • Java binary at: /Applications/Android Studio.app/Contents/jre/jdk/Contents/Home/bin/java
    • Java version OpenJDK Runtime Environment (build 1.8.0_152-release-1024-b01)
    • All Android licenses accepted.

[✓] iOS toolchain - develop for iOS devices (Xcode 9.4.1)
    • Xcode at /Applications/Xcode.app/Contents/Developer
    • Xcode 9.4.1, Build version 9F2000
    • ios-deploy 1.9.2
    • CocoaPods version 1.5.3

[✓] Android Studio (version 3.1)
    • Android Studio at /Applications/Android Studio.app/Contents
    • Flutter plugin version 26.0.1
    • Dart plugin version 173.4700
    • Java version OpenJDK Runtime Environment (build 1.8.0_152-release-1024-b01)

[✓] IntelliJ IDEA Community Edition (version 2017.2.7)
    • IntelliJ at /Applications/IntelliJ IDEA CE.app
    • Flutter plugin version 21.2.2
    • Dart plugin version 172.4343.25

[!] VS Code (version 1.21.1)
    • VS Code at /Applications/Visual Studio Code.app/Contents
    • Flutter extension not installed; install from
      https://marketplace.visualstudio.com/items?itemName=Dart-Code.flutter

[✓] Connected devices (1 available)
    • Nexus 5X • 0106bcc49c8ca3eb • android-arm64 • Android 8.1.0 (API 27)

! Doctor found issues in 1 category.
```
